2021-10-09 22:38:31,622 setting up API-client for environment practice
2021-10-09 22:38:31,622 Connection Established..........
2021-10-09 22:38:31,623 setting up API-client for environment practice
2021-10-09 22:38:31,623 Connection Established..........
2021-10-09 22:38:31,623 setting up API-client for environment practice
2021-10-09 22:38:31,623 Connection Established..........
2021-10-09 22:38:31,651 performing request https://api-fxpractice.oanda.com/v3/instruments/EUR_USD/candles
2021-10-09 22:38:31,652 performing request https://api-fxpractice.oanda.com/v3/instruments/AUD_CAD/candles
2021-10-09 22:38:31,653 performing request https://api-fxpractice.oanda.com/v3/instruments/AUD_USD/candles
2021-10-09 22:38:32,862 performing request https://api-fxpractice.oanda.com/v3/accounts/101-001-20709257-001/trades
2021-10-09 22:38:32,862 performing request https://api-fxpractice.oanda.com/v3/accounts/101-001-20709257-001/trades
2021-10-09 22:38:33,164 performing request https://api-fxpractice.oanda.com/v3/accounts/101-001-20709257-001/trades
2021-10-09 22:38:33,164 TRADELIST:- 
		{"trades": [{"id": "463", "instrument": "EUR_USD", "price": "1.15548", "openTime": "2021-10-08T08:51:11.478979760Z", "initialUnits": "-100", "initialMarginRequired": "2.3111", "state": "OPEN", "currentUnits": "-100", "realizedPL": "0.0000", "financing": "-0.0011", "dividendAdjustment": "0.0000", "unrealizedPL": "-0.2360", "marginUsed": "2.3149", "takeProfitOrder": {"id": "464", "createTime": "2021-10-08T08:51:11.478979760Z", "type": "TAKE_PROFIT", "tradeID": "463", "price": "1.12082", "timeInForce": "GTC", "triggerCondition": "DEFAULT", "state": "PENDING"}, "stopLossOrder": {"id": "465", "createTime": "2021-10-08T08:51:11.478979760Z", "type": "STOP_LOSS", "tradeID": "463", "price": "1.15992", "timeInForce": "GTC", "triggerCondition": "DEFAULT", "triggerMode": "TOP_OF_BOOK", "state": "PENDING"}}], "lastTransactionID": "466"}
2021-10-09 22:38:33,164 performing request https://api-fxpractice.oanda.com/v3/accounts/101-001-20709257-001/pricing
2021-10-09 22:38:33,478 TRADELIST:- 
		{"trades": [{"id": "463", "instrument": "EUR_USD", "price": "1.15548", "openTime": "2021-10-08T08:51:11.478979760Z", "initialUnits": "-100", "initialMarginRequired": "2.3111", "state": "OPEN", "currentUnits": "-100", "realizedPL": "0.0000", "financing": "-0.0011", "dividendAdjustment": "0.0000", "unrealizedPL": "-0.2360", "marginUsed": "2.3149", "takeProfitOrder": {"id": "464", "createTime": "2021-10-08T08:51:11.478979760Z", "type": "TAKE_PROFIT", "tradeID": "463", "price": "1.12082", "timeInForce": "GTC", "triggerCondition": "DEFAULT", "state": "PENDING"}, "stopLossOrder": {"id": "465", "createTime": "2021-10-08T08:51:11.478979760Z", "type": "STOP_LOSS", "tradeID": "463", "price": "1.15992", "timeInForce": "GTC", "triggerCondition": "DEFAULT", "triggerMode": "TOP_OF_BOOK", "state": "PENDING"}}], "lastTransactionID": "466"}
2021-10-09 22:38:33,478 performing request https://api-fxpractice.oanda.com/v3/accounts/101-001-20709257-001/pricing
2021-10-09 22:38:33,885 TRADELIST:- 
		{"trades": [{"id": "463", "instrument": "EUR_USD", "price": "1.15548", "openTime": "2021-10-08T08:51:11.478979760Z", "initialUnits": "-100", "initialMarginRequired": "2.3111", "state": "OPEN", "currentUnits": "-100", "realizedPL": "0.0000", "financing": "-0.0011", "dividendAdjustment": "0.0000", "unrealizedPL": "-0.2360", "marginUsed": "2.3149", "takeProfitOrder": {"id": "464", "createTime": "2021-10-08T08:51:11.478979760Z", "type": "TAKE_PROFIT", "tradeID": "463", "price": "1.12082", "timeInForce": "GTC", "triggerCondition": "DEFAULT", "state": "PENDING"}, "stopLossOrder": {"id": "465", "createTime": "2021-10-08T08:51:11.478979760Z", "type": "STOP_LOSS", "tradeID": "463", "price": "1.15992", "timeInForce": "GTC", "triggerCondition": "DEFAULT", "triggerMode": "TOP_OF_BOOK", "state": "PENDING"}}], "lastTransactionID": "466"}
2021-10-09 22:38:33,885 performing request https://api-fxpractice.oanda.com/v3/accounts/101-001-20709257-001/pricing
2021-10-09 22:38:34,185 Instrument not Tradable
2021-10-09 22:38:34,215 Instrument not Tradable
2021-10-09 22:38:34,532 Instrument not Tradable
